c:\users\jetsly\downloads\pjproject-2.4\pjsip\build\output\pjsua_lib--win32-vc8-debug\pjsua_lib.bsc
c:\users\jetsly\downloads\pjproject-2.4\pjsip\build\output\pjsua_lib--win32-vc8-debug\pjsua_lib.pdb
c:\users\jetsly\downloads\pjproject-2.4\pjsip\build\output\pjsua_lib--win32-vc8-debug\pjsua_lib.idb
c:\users\jetsly\downloads\pjproject-2.4\pjsip\build\output\pjsua_lib--win32-vc8-debug\pjsua_acc.sbr
c:\users\jetsly\downloads\pjproject-2.4\pjsip\build\output\pjsua_lib--win32-vc8-debug\pjsua_aud.sbr
c:\users\jetsly\downloads\pjproject-2.4\pjsip\build\output\pjsua_lib--win32-vc8-debug\pjsua_call.sbr
c:\users\jetsly\downloads\pjproject-2.4\pjsip\build\output\pjsua_lib--win32-vc8-debug\pjsua_core.sbr
c:\users\jetsly\downloads\pjproject-2.4\pjsip\build\output\pjsua_lib--win32-vc8-debug\pjsua_dump.sbr
c:\users\jetsly\downloads\pjproject-2.4\pjsip\build\output\pjsua_lib--win32-vc8-debug\pjsua_im.sbr
c:\users\jetsly\downloads\pjproject-2.4\pjsip\build\output\pjsua_lib--win32-vc8-debug\pjsua_media.sbr
c:\users\jetsly\downloads\pjproject-2.4\pjsip\build\output\pjsua_lib--win32-vc8-debug\pjsua_pres.sbr
c:\users\jetsly\downloads\pjproject-2.4\pjsip\build\output\pjsua_lib--win32-vc8-debug\pjsua_vid.sbr
c:\users\jetsly\downloads\pjproject-2.4\pjsip\build\output\pjsua_lib--win32-vc8-debug\pjsua_vid.obj
c:\users\jetsly\downloads\pjproject-2.4\pjsip\build\output\pjsua_lib--win32-vc8-debug\pjsua_pres.obj
c:\users\jetsly\downloads\pjproject-2.4\pjsip\build\output\pjsua_lib--win32-vc8-debug\pjsua_media.obj
c:\users\jetsly\downloads\pjproject-2.4\pjsip\build\output\pjsua_lib--win32-vc8-debug\pjsua_im.obj
c:\users\jetsly\downloads\pjproject-2.4\pjsip\build\output\pjsua_lib--win32-vc8-debug\pjsua_dump.obj
c:\users\jetsly\downloads\pjproject-2.4\pjsip\build\output\pjsua_lib--win32-vc8-debug\pjsua_core.obj
c:\users\jetsly\downloads\pjproject-2.4\pjsip\build\output\pjsua_lib--win32-vc8-debug\pjsua_call.obj
c:\users\jetsly\downloads\pjproject-2.4\pjsip\build\output\pjsua_lib--win32-vc8-debug\pjsua_aud.obj
c:\users\jetsly\downloads\pjproject-2.4\pjsip\build\output\pjsua_lib--win32-vc8-debug\pjsua_acc.obj
c:\users\jetsly\downloads\pjproject-2.4\pjsip\lib\pjsua-lib-i386-win32-vc8-debug.lib
c:\users\jetsly\downloads\pjproject-2.4\pjsip\build\output\pjsua_lib--win32-vc8-debug\pjsua_lib.tlog\bscmake.command.1.tlog
c:\users\jetsly\downloads\pjproject-2.4\pjsip\build\output\pjsua_lib--win32-vc8-debug\pjsua_lib.tlog\bscmake.read.1.tlog
c:\users\jetsly\downloads\pjproject-2.4\pjsip\build\output\pjsua_lib--win32-vc8-debug\pjsua_lib.tlog\bscmake.write.1.tlog
c:\users\jetsly\downloads\pjproject-2.4\pjsip\build\output\pjsua_lib--win32-vc8-debug\pjsua_lib.tlog\cl.command.1.tlog
c:\users\jetsly\downloads\pjproject-2.4\pjsip\build\output\pjsua_lib--win32-vc8-debug\pjsua_lib.tlog\cl.read.1.tlog
c:\users\jetsly\downloads\pjproject-2.4\pjsip\build\output\pjsua_lib--win32-vc8-debug\pjsua_lib.tlog\cl.write.1.tlog
c:\users\jetsly\downloads\pjproject-2.4\pjsip\build\output\pjsua_lib--win32-vc8-debug\pjsua_lib.tlog\lib-link.read.1.tlog
c:\users\jetsly\downloads\pjproject-2.4\pjsip\build\output\pjsua_lib--win32-vc8-debug\pjsua_lib.tlog\lib-link.write.1.tlog
c:\users\jetsly\downloads\pjproject-2.4\pjsip\build\output\pjsua_lib--win32-vc8-debug\pjsua_lib.tlog\lib.command.1.tlog
