c:\users\jetsly\downloads\pjproject-2.4\pjmedia\build\output\pjmedia--win32-vc8-debug\pjmedia.bsc
c:\users\jetsly\downloads\pjproject-2.4\pjmedia\build\output\pjmedia--win32-vc8-debug\pjmedia.pdb
c:\users\jetsly\downloads\pjproject-2.4\pjmedia\build\output\pjmedia--win32-vc8-debug\pjmedia.idb
c:\users\jetsly\downloads\pjproject-2.4\pjmedia\build\output\pjmedia--win32-vc8-debug\alaw_ulaw.sbr
c:\users\jetsly\downloads\pjproject-2.4\pjmedia\build\output\pjmedia--win32-vc8-debug\alaw_ulaw_table.sbr
c:\users\jetsly\downloads\pjproject-2.4\pjmedia\build\output\pjmedia--win32-vc8-debug\avi_player.sbr
c:\users\jetsly\downloads\pjproject-2.4\pjmedia\build\output\pjmedia--win32-vc8-debug\bidirectional.sbr
c:\users\jetsly\downloads\pjproject-2.4\pjmedia\build\output\pjmedia--win32-vc8-debug\clock_thread.sbr
c:\users\jetsly\downloads\pjproject-2.4\pjmedia\build\output\pjmedia--win32-vc8-debug\codec.sbr
c:\users\jetsly\downloads\pjproject-2.4\pjmedia\build\output\pjmedia--win32-vc8-debug\conference.sbr
c:\users\jetsly\downloads\pjproject-2.4\pjmedia\build\output\pjmedia--win32-vc8-debug\conf_switch.sbr
c:\users\jetsly\downloads\pjproject-2.4\pjmedia\build\output\pjmedia--win32-vc8-debug\converter.sbr
c:\users\jetsly\downloads\pjproject-2.4\pjmedia\build\output\pjmedia--win32-vc8-debug\converter_libswscale.sbr
c:\users\jetsly\downloads\pjproject-2.4\pjmedia\build\output\pjmedia--win32-vc8-debug\converter_libyuv.sbr
c:\users\jetsly\downloads\pjproject-2.4\pjmedia\build\output\pjmedia--win32-vc8-debug\delaybuf.sbr
c:\users\jetsly\downloads\pjproject-2.4\pjmedia\build\output\pjmedia--win32-vc8-debug\echo_common.sbr
c:\users\jetsly\downloads\pjproject-2.4\pjmedia\build\output\pjmedia--win32-vc8-debug\echo_port.sbr
c:\users\jetsly\downloads\pjproject-2.4\pjmedia\build\output\pjmedia--win32-vc8-debug\echo_speex.sbr
c:\users\jetsly\downloads\pjproject-2.4\pjmedia\build\output\pjmedia--win32-vc8-debug\echo_suppress.sbr
c:\users\jetsly\downloads\pjproject-2.4\pjmedia\build\output\pjmedia--win32-vc8-debug\endpoint.sbr
c:\users\jetsly\downloads\pjproject-2.4\pjmedia\build\output\pjmedia--win32-vc8-debug\errno.sbr
c:\users\jetsly\downloads\pjproject-2.4\pjmedia\build\output\pjmedia--win32-vc8-debug\event.sbr
c:\users\jetsly\downloads\pjproject-2.4\pjmedia\build\output\pjmedia--win32-vc8-debug\ffmpeg_util.sbr
c:\users\jetsly\downloads\pjproject-2.4\pjmedia\build\output\pjmedia--win32-vc8-debug\ffmpeg_util.obj
c:\users\jetsly\downloads\pjproject-2.4\pjmedia\build\output\pjmedia--win32-vc8-debug\event.obj
c:\users\jetsly\downloads\pjproject-2.4\pjmedia\build\output\pjmedia--win32-vc8-debug\errno.obj
c:\users\jetsly\downloads\pjproject-2.4\pjmedia\build\output\pjmedia--win32-vc8-debug\endpoint.obj
c:\users\jetsly\downloads\pjproject-2.4\pjmedia\build\output\pjmedia--win32-vc8-debug\echo_suppress.obj
c:\users\jetsly\downloads\pjproject-2.4\pjmedia\build\output\pjmedia--win32-vc8-debug\echo_speex.obj
c:\users\jetsly\downloads\pjproject-2.4\pjmedia\build\output\pjmedia--win32-vc8-debug\echo_port.obj
c:\users\jetsly\downloads\pjproject-2.4\pjmedia\build\output\pjmedia--win32-vc8-debug\echo_common.obj
c:\users\jetsly\downloads\pjproject-2.4\pjmedia\build\output\pjmedia--win32-vc8-debug\delaybuf.obj
c:\users\jetsly\downloads\pjproject-2.4\pjmedia\build\output\pjmedia--win32-vc8-debug\converter_libyuv.obj
c:\users\jetsly\downloads\pjproject-2.4\pjmedia\build\output\pjmedia--win32-vc8-debug\converter_libswscale.obj
c:\users\jetsly\downloads\pjproject-2.4\pjmedia\build\output\pjmedia--win32-vc8-debug\converter.obj
c:\users\jetsly\downloads\pjproject-2.4\pjmedia\build\output\pjmedia--win32-vc8-debug\conf_switch.obj
c:\users\jetsly\downloads\pjproject-2.4\pjmedia\build\output\pjmedia--win32-vc8-debug\conference.obj
c:\users\jetsly\downloads\pjproject-2.4\pjmedia\build\output\pjmedia--win32-vc8-debug\codec.obj
c:\users\jetsly\downloads\pjproject-2.4\pjmedia\build\output\pjmedia--win32-vc8-debug\clock_thread.obj
c:\users\jetsly\downloads\pjproject-2.4\pjmedia\build\output\pjmedia--win32-vc8-debug\bidirectional.obj
c:\users\jetsly\downloads\pjproject-2.4\pjmedia\build\output\pjmedia--win32-vc8-debug\avi_player.obj
c:\users\jetsly\downloads\pjproject-2.4\pjmedia\build\output\pjmedia--win32-vc8-debug\alaw_ulaw_table.obj
c:\users\jetsly\downloads\pjproject-2.4\pjmedia\build\output\pjmedia--win32-vc8-debug\alaw_ulaw.obj
c:\users\jetsly\downloads\pjproject-2.4\pjmedia\build\output\pjmedia--win32-vc8-debug\format.sbr
c:\users\jetsly\downloads\pjproject-2.4\pjmedia\build\output\pjmedia--win32-vc8-debug\g711.sbr
c:\users\jetsly\downloads\pjproject-2.4\pjmedia\build\output\pjmedia--win32-vc8-debug\jbuf.sbr
c:\users\jetsly\downloads\pjproject-2.4\pjmedia\build\output\pjmedia--win32-vc8-debug\master_port.sbr
c:\users\jetsly\downloads\pjproject-2.4\pjmedia\build\output\pjmedia--win32-vc8-debug\mem_capture.sbr
c:\users\jetsly\downloads\pjproject-2.4\pjmedia\build\output\pjmedia--win32-vc8-debug\mem_player.sbr
c:\users\jetsly\downloads\pjproject-2.4\pjmedia\build\output\pjmedia--win32-vc8-debug\null_port.sbr
c:\users\jetsly\downloads\pjproject-2.4\pjmedia\build\output\pjmedia--win32-vc8-debug\plc_common.sbr
c:\users\jetsly\downloads\pjproject-2.4\pjmedia\build\output\pjmedia--win32-vc8-debug\port.sbr
c:\users\jetsly\downloads\pjproject-2.4\pjmedia\build\output\pjmedia--win32-vc8-debug\resample_libsamplerate.sbr
c:\users\jetsly\downloads\pjproject-2.4\pjmedia\build\output\pjmedia--win32-vc8-debug\resample_port.sbr
c:\users\jetsly\downloads\pjproject-2.4\pjmedia\build\output\pjmedia--win32-vc8-debug\resample_resample.sbr
c:\users\jetsly\downloads\pjproject-2.4\pjmedia\build\output\pjmedia--win32-vc8-debug\resample_speex.sbr
c:\users\jetsly\downloads\pjproject-2.4\pjmedia\build\output\pjmedia--win32-vc8-debug\rtcp.sbr
c:\users\jetsly\downloads\pjproject-2.4\pjmedia\build\output\pjmedia--win32-vc8-debug\rtcp_xr.sbr
c:\users\jetsly\downloads\pjproject-2.4\pjmedia\build\output\pjmedia--win32-vc8-debug\rtp.sbr
c:\users\jetsly\downloads\pjproject-2.4\pjmedia\build\output\pjmedia--win32-vc8-debug\sdp.sbr
c:\users\jetsly\downloads\pjproject-2.4\pjmedia\build\output\pjmedia--win32-vc8-debug\sdp_cmp.sbr
c:\users\jetsly\downloads\pjproject-2.4\pjmedia\build\output\pjmedia--win32-vc8-debug\sdp_neg.sbr
c:\users\jetsly\downloads\pjproject-2.4\pjmedia\build\output\pjmedia--win32-vc8-debug\silencedet.sbr
c:\users\jetsly\downloads\pjproject-2.4\pjmedia\build\output\pjmedia--win32-vc8-debug\silencedet.obj
c:\users\jetsly\downloads\pjproject-2.4\pjmedia\build\output\pjmedia--win32-vc8-debug\sdp_neg.obj
c:\users\jetsly\downloads\pjproject-2.4\pjmedia\build\output\pjmedia--win32-vc8-debug\sdp_cmp.obj
c:\users\jetsly\downloads\pjproject-2.4\pjmedia\build\output\pjmedia--win32-vc8-debug\sdp.obj
c:\users\jetsly\downloads\pjproject-2.4\pjmedia\build\output\pjmedia--win32-vc8-debug\rtp.obj
c:\users\jetsly\downloads\pjproject-2.4\pjmedia\build\output\pjmedia--win32-vc8-debug\rtcp_xr.obj
c:\users\jetsly\downloads\pjproject-2.4\pjmedia\build\output\pjmedia--win32-vc8-debug\rtcp.obj
c:\users\jetsly\downloads\pjproject-2.4\pjmedia\build\output\pjmedia--win32-vc8-debug\resample_speex.obj
c:\users\jetsly\downloads\pjproject-2.4\pjmedia\build\output\pjmedia--win32-vc8-debug\resample_resample.obj
c:\users\jetsly\downloads\pjproject-2.4\pjmedia\build\output\pjmedia--win32-vc8-debug\resample_port.obj
c:\users\jetsly\downloads\pjproject-2.4\pjmedia\build\output\pjmedia--win32-vc8-debug\resample_libsamplerate.obj
c:\users\jetsly\downloads\pjproject-2.4\pjmedia\build\output\pjmedia--win32-vc8-debug\port.obj
c:\users\jetsly\downloads\pjproject-2.4\pjmedia\build\output\pjmedia--win32-vc8-debug\plc_common.obj
c:\users\jetsly\downloads\pjproject-2.4\pjmedia\build\output\pjmedia--win32-vc8-debug\null_port.obj
c:\users\jetsly\downloads\pjproject-2.4\pjmedia\build\output\pjmedia--win32-vc8-debug\mem_player.obj
c:\users\jetsly\downloads\pjproject-2.4\pjmedia\build\output\pjmedia--win32-vc8-debug\mem_capture.obj
c:\users\jetsly\downloads\pjproject-2.4\pjmedia\build\output\pjmedia--win32-vc8-debug\master_port.obj
c:\users\jetsly\downloads\pjproject-2.4\pjmedia\build\output\pjmedia--win32-vc8-debug\jbuf.obj
c:\users\jetsly\downloads\pjproject-2.4\pjmedia\build\output\pjmedia--win32-vc8-debug\g711.obj
c:\users\jetsly\downloads\pjproject-2.4\pjmedia\build\output\pjmedia--win32-vc8-debug\format.obj
c:\users\jetsly\downloads\pjproject-2.4\pjmedia\build\output\pjmedia--win32-vc8-debug\sound_legacy.sbr
c:\users\jetsly\downloads\pjproject-2.4\pjmedia\build\output\pjmedia--win32-vc8-debug\sound_port.sbr
c:\users\jetsly\downloads\pjproject-2.4\pjmedia\build\output\pjmedia--win32-vc8-debug\splitcomb.sbr
c:\users\jetsly\downloads\pjproject-2.4\pjmedia\build\output\pjmedia--win32-vc8-debug\stereo_port.sbr
c:\users\jetsly\downloads\pjproject-2.4\pjmedia\build\output\pjmedia--win32-vc8-debug\stream.sbr
c:\users\jetsly\downloads\pjproject-2.4\pjmedia\build\output\pjmedia--win32-vc8-debug\stream_common.sbr
c:\users\jetsly\downloads\pjproject-2.4\pjmedia\build\output\pjmedia--win32-vc8-debug\stream_info.sbr
c:\users\jetsly\downloads\pjproject-2.4\pjmedia\build\output\pjmedia--win32-vc8-debug\tonegen.sbr
c:\users\jetsly\downloads\pjproject-2.4\pjmedia\build\output\pjmedia--win32-vc8-debug\transport_adapter_sample.sbr
c:\users\jetsly\downloads\pjproject-2.4\pjmedia\build\output\pjmedia--win32-vc8-debug\transport_ice.sbr
c:\users\jetsly\downloads\pjproject-2.4\pjmedia\build\output\pjmedia--win32-vc8-debug\transport_loop.sbr
c:\users\jetsly\downloads\pjproject-2.4\pjmedia\build\output\pjmedia--win32-vc8-debug\transport_srtp.sbr
c:\users\jetsly\downloads\pjproject-2.4\pjmedia\build\output\pjmedia--win32-vc8-debug\transport_udp.sbr
c:\users\jetsly\downloads\pjproject-2.4\pjmedia\build\output\pjmedia--win32-vc8-debug\types.sbr
c:\users\jetsly\downloads\pjproject-2.4\pjmedia\build\output\pjmedia--win32-vc8-debug\vid_codec.sbr
c:\users\jetsly\downloads\pjproject-2.4\pjmedia\build\output\pjmedia--win32-vc8-debug\vid_codec_util.sbr
c:\users\jetsly\downloads\pjproject-2.4\pjmedia\build\output\pjmedia--win32-vc8-debug\vid_port.sbr
c:\users\jetsly\downloads\pjproject-2.4\pjmedia\build\output\pjmedia--win32-vc8-debug\vid_stream.sbr
c:\users\jetsly\downloads\pjproject-2.4\pjmedia\build\output\pjmedia--win32-vc8-debug\vid_stream_info.sbr
c:\users\jetsly\downloads\pjproject-2.4\pjmedia\build\output\pjmedia--win32-vc8-debug\vid_tee.sbr
c:\users\jetsly\downloads\pjproject-2.4\pjmedia\build\output\pjmedia--win32-vc8-debug\vid_tee.obj
c:\users\jetsly\downloads\pjproject-2.4\pjmedia\build\output\pjmedia--win32-vc8-debug\vid_stream_info.obj
c:\users\jetsly\downloads\pjproject-2.4\pjmedia\build\output\pjmedia--win32-vc8-debug\vid_stream.obj
c:\users\jetsly\downloads\pjproject-2.4\pjmedia\build\output\pjmedia--win32-vc8-debug\vid_port.obj
c:\users\jetsly\downloads\pjproject-2.4\pjmedia\build\output\pjmedia--win32-vc8-debug\vid_codec_util.obj
c:\users\jetsly\downloads\pjproject-2.4\pjmedia\build\output\pjmedia--win32-vc8-debug\vid_codec.obj
c:\users\jetsly\downloads\pjproject-2.4\pjmedia\build\output\pjmedia--win32-vc8-debug\types.obj
c:\users\jetsly\downloads\pjproject-2.4\pjmedia\build\output\pjmedia--win32-vc8-debug\transport_udp.obj
c:\users\jetsly\downloads\pjproject-2.4\pjmedia\build\output\pjmedia--win32-vc8-debug\transport_srtp.obj
c:\users\jetsly\downloads\pjproject-2.4\pjmedia\build\output\pjmedia--win32-vc8-debug\transport_loop.obj
c:\users\jetsly\downloads\pjproject-2.4\pjmedia\build\output\pjmedia--win32-vc8-debug\transport_ice.obj
c:\users\jetsly\downloads\pjproject-2.4\pjmedia\build\output\pjmedia--win32-vc8-debug\transport_adapter_sample.obj
c:\users\jetsly\downloads\pjproject-2.4\pjmedia\build\output\pjmedia--win32-vc8-debug\tonegen.obj
c:\users\jetsly\downloads\pjproject-2.4\pjmedia\build\output\pjmedia--win32-vc8-debug\stream_info.obj
c:\users\jetsly\downloads\pjproject-2.4\pjmedia\build\output\pjmedia--win32-vc8-debug\stream_common.obj
c:\users\jetsly\downloads\pjproject-2.4\pjmedia\build\output\pjmedia--win32-vc8-debug\stream.obj
c:\users\jetsly\downloads\pjproject-2.4\pjmedia\build\output\pjmedia--win32-vc8-debug\stereo_port.obj
c:\users\jetsly\downloads\pjproject-2.4\pjmedia\build\output\pjmedia--win32-vc8-debug\splitcomb.obj
c:\users\jetsly\downloads\pjproject-2.4\pjmedia\build\output\pjmedia--win32-vc8-debug\sound_port.obj
c:\users\jetsly\downloads\pjproject-2.4\pjmedia\build\output\pjmedia--win32-vc8-debug\sound_legacy.obj
c:\users\jetsly\downloads\pjproject-2.4\pjmedia\build\output\pjmedia--win32-vc8-debug\wave.sbr
c:\users\jetsly\downloads\pjproject-2.4\pjmedia\build\output\pjmedia--win32-vc8-debug\wav_player.sbr
c:\users\jetsly\downloads\pjproject-2.4\pjmedia\build\output\pjmedia--win32-vc8-debug\wav_playlist.sbr
c:\users\jetsly\downloads\pjproject-2.4\pjmedia\build\output\pjmedia--win32-vc8-debug\wav_writer.sbr
c:\users\jetsly\downloads\pjproject-2.4\pjmedia\build\output\pjmedia--win32-vc8-debug\wsola.sbr
c:\users\jetsly\downloads\pjproject-2.4\pjmedia\build\output\pjmedia--win32-vc8-debug\wsola.obj
c:\users\jetsly\downloads\pjproject-2.4\pjmedia\build\output\pjmedia--win32-vc8-debug\wav_writer.obj
c:\users\jetsly\downloads\pjproject-2.4\pjmedia\build\output\pjmedia--win32-vc8-debug\wav_playlist.obj
c:\users\jetsly\downloads\pjproject-2.4\pjmedia\build\output\pjmedia--win32-vc8-debug\wav_player.obj
c:\users\jetsly\downloads\pjproject-2.4\pjmedia\build\output\pjmedia--win32-vc8-debug\wave.obj
c:\users\jetsly\downloads\pjproject-2.4\pjmedia\lib\pjmedia-i386-win32-vc8-debug.lib
c:\users\jetsly\downloads\pjproject-2.4\pjmedia\build\output\pjmedia--win32-vc8-debug\pjmedia.tlog\bscmake.command.1.tlog
c:\users\jetsly\downloads\pjproject-2.4\pjmedia\build\output\pjmedia--win32-vc8-debug\pjmedia.tlog\bscmake.read.1.tlog
c:\users\jetsly\downloads\pjproject-2.4\pjmedia\build\output\pjmedia--win32-vc8-debug\pjmedia.tlog\bscmake.write.1.tlog
c:\users\jetsly\downloads\pjproject-2.4\pjmedia\build\output\pjmedia--win32-vc8-debug\pjmedia.tlog\cl.command.1.tlog
c:\users\jetsly\downloads\pjproject-2.4\pjmedia\build\output\pjmedia--win32-vc8-debug\pjmedia.tlog\cl.read.1.tlog
c:\users\jetsly\downloads\pjproject-2.4\pjmedia\build\output\pjmedia--win32-vc8-debug\pjmedia.tlog\cl.write.1.tlog
c:\users\jetsly\downloads\pjproject-2.4\pjmedia\build\output\pjmedia--win32-vc8-debug\pjmedia.tlog\lib-link.read.1.tlog
c:\users\jetsly\downloads\pjproject-2.4\pjmedia\build\output\pjmedia--win32-vc8-debug\pjmedia.tlog\lib-link.write.1.tlog
c:\users\jetsly\downloads\pjproject-2.4\pjmedia\build\output\pjmedia--win32-vc8-debug\pjmedia.tlog\lib.command.1.tlog
