c:\users\jetsly\downloads\pjproject-2.4\pjlib\build\output\pjlib--win32-vc8-debug\pjlib.bsc
c:\users\jetsly\downloads\pjproject-2.4\pjlib\build\output\pjlib--win32-vc8-debug\pjlib.pdb
c:\users\jetsly\downloads\pjproject-2.4\pjlib\build\output\pjlib--win32-vc8-debug\pjlib.idb
c:\users\jetsly\downloads\pjproject-2.4\pjlib\build\output\pjlib--win32-vc8-debug\activesock.sbr
c:\users\jetsly\downloads\pjproject-2.4\pjlib\build\output\pjlib--win32-vc8-debug\addr_resolv_sock.sbr
c:\users\jetsly\downloads\pjproject-2.4\pjlib\build\output\pjlib--win32-vc8-debug\array.sbr
c:\users\jetsly\downloads\pjproject-2.4\pjlib\build\output\pjlib--win32-vc8-debug\config.sbr
c:\users\jetsly\downloads\pjproject-2.4\pjlib\build\output\pjlib--win32-vc8-debug\ctype.sbr
c:\users\jetsly\downloads\pjproject-2.4\pjlib\build\output\pjlib--win32-vc8-debug\errno.sbr
c:\users\jetsly\downloads\pjproject-2.4\pjlib\build\output\pjlib--win32-vc8-debug\except.sbr
c:\users\jetsly\downloads\pjproject-2.4\pjlib\build\output\pjlib--win32-vc8-debug\fifobuf.sbr
c:\users\jetsly\downloads\pjproject-2.4\pjlib\build\output\pjlib--win32-vc8-debug\file_access_win32.sbr
c:\users\jetsly\downloads\pjproject-2.4\pjlib\build\output\pjlib--win32-vc8-debug\file_io_win32.sbr
c:\users\jetsly\downloads\pjproject-2.4\pjlib\build\output\pjlib--win32-vc8-debug\guid.sbr
c:\users\jetsly\downloads\pjproject-2.4\pjlib\build\output\pjlib--win32-vc8-debug\guid_win32.sbr
c:\users\jetsly\downloads\pjproject-2.4\pjlib\build\output\pjlib--win32-vc8-debug\hash.sbr
c:\users\jetsly\downloads\pjproject-2.4\pjlib\build\output\pjlib--win32-vc8-debug\ioqueue_select.sbr
c:\users\jetsly\downloads\pjproject-2.4\pjlib\build\output\pjlib--win32-vc8-debug\ip_helper_win32.sbr
c:\users\jetsly\downloads\pjproject-2.4\pjlib\build\output\pjlib--win32-vc8-debug\list.sbr
c:\users\jetsly\downloads\pjproject-2.4\pjlib\build\output\pjlib--win32-vc8-debug\lock.sbr
c:\users\jetsly\downloads\pjproject-2.4\pjlib\build\output\pjlib--win32-vc8-debug\log.sbr
c:\users\jetsly\downloads\pjproject-2.4\pjlib\build\output\pjlib--win32-vc8-debug\log_writer_stdout.sbr
c:\users\jetsly\downloads\pjproject-2.4\pjlib\build\output\pjlib--win32-vc8-debug\os_core_win32.sbr
c:\users\jetsly\downloads\pjproject-2.4\pjlib\build\output\pjlib--win32-vc8-debug\os_core_win32.obj
c:\users\jetsly\downloads\pjproject-2.4\pjlib\build\output\pjlib--win32-vc8-debug\log_writer_stdout.obj
c:\users\jetsly\downloads\pjproject-2.4\pjlib\build\output\pjlib--win32-vc8-debug\log.obj
c:\users\jetsly\downloads\pjproject-2.4\pjlib\build\output\pjlib--win32-vc8-debug\lock.obj
c:\users\jetsly\downloads\pjproject-2.4\pjlib\build\output\pjlib--win32-vc8-debug\list.obj
c:\users\jetsly\downloads\pjproject-2.4\pjlib\build\output\pjlib--win32-vc8-debug\ip_helper_win32.obj
c:\users\jetsly\downloads\pjproject-2.4\pjlib\build\output\pjlib--win32-vc8-debug\ioqueue_select.obj
c:\users\jetsly\downloads\pjproject-2.4\pjlib\build\output\pjlib--win32-vc8-debug\hash.obj
c:\users\jetsly\downloads\pjproject-2.4\pjlib\build\output\pjlib--win32-vc8-debug\guid_win32.obj
c:\users\jetsly\downloads\pjproject-2.4\pjlib\build\output\pjlib--win32-vc8-debug\guid.obj
c:\users\jetsly\downloads\pjproject-2.4\pjlib\build\output\pjlib--win32-vc8-debug\file_io_win32.obj
c:\users\jetsly\downloads\pjproject-2.4\pjlib\build\output\pjlib--win32-vc8-debug\file_access_win32.obj
c:\users\jetsly\downloads\pjproject-2.4\pjlib\build\output\pjlib--win32-vc8-debug\fifobuf.obj
c:\users\jetsly\downloads\pjproject-2.4\pjlib\build\output\pjlib--win32-vc8-debug\except.obj
c:\users\jetsly\downloads\pjproject-2.4\pjlib\build\output\pjlib--win32-vc8-debug\errno.obj
c:\users\jetsly\downloads\pjproject-2.4\pjlib\build\output\pjlib--win32-vc8-debug\ctype.obj
c:\users\jetsly\downloads\pjproject-2.4\pjlib\build\output\pjlib--win32-vc8-debug\config.obj
c:\users\jetsly\downloads\pjproject-2.4\pjlib\build\output\pjlib--win32-vc8-debug\array.obj
c:\users\jetsly\downloads\pjproject-2.4\pjlib\build\output\pjlib--win32-vc8-debug\addr_resolv_sock.obj
c:\users\jetsly\downloads\pjproject-2.4\pjlib\build\output\pjlib--win32-vc8-debug\activesock.obj
c:\users\jetsly\downloads\pjproject-2.4\pjlib\build\output\pjlib--win32-vc8-debug\os_error_win32.sbr
c:\users\jetsly\downloads\pjproject-2.4\pjlib\build\output\pjlib--win32-vc8-debug\os_info.sbr
c:\users\jetsly\downloads\pjproject-2.4\pjlib\build\output\pjlib--win32-vc8-debug\os_timestamp_common.sbr
c:\users\jetsly\downloads\pjproject-2.4\pjlib\build\output\pjlib--win32-vc8-debug\os_timestamp_win32.sbr
c:\users\jetsly\downloads\pjproject-2.4\pjlib\build\output\pjlib--win32-vc8-debug\os_time_win32.sbr
c:\users\jetsly\downloads\pjproject-2.4\pjlib\build\output\pjlib--win32-vc8-debug\pool.sbr
c:\users\jetsly\downloads\pjproject-2.4\pjlib\build\output\pjlib--win32-vc8-debug\pool_buf.sbr
c:\users\jetsly\downloads\pjproject-2.4\pjlib\build\output\pjlib--win32-vc8-debug\pool_caching.sbr
c:\users\jetsly\downloads\pjproject-2.4\pjlib\build\output\pjlib--win32-vc8-debug\pool_dbg.sbr
c:\users\jetsly\downloads\pjproject-2.4\pjlib\build\output\pjlib--win32-vc8-debug\pool_policy_malloc.sbr
c:\users\jetsly\downloads\pjproject-2.4\pjlib\build\output\pjlib--win32-vc8-debug\rand.sbr
c:\users\jetsly\downloads\pjproject-2.4\pjlib\build\output\pjlib--win32-vc8-debug\rbtree.sbr
c:\users\jetsly\downloads\pjproject-2.4\pjlib\build\output\pjlib--win32-vc8-debug\sock_bsd.sbr
c:\users\jetsly\downloads\pjproject-2.4\pjlib\build\output\pjlib--win32-vc8-debug\sock_common.sbr
c:\users\jetsly\downloads\pjproject-2.4\pjlib\build\output\pjlib--win32-vc8-debug\sock_qos_bsd.sbr
c:\users\jetsly\downloads\pjproject-2.4\pjlib\build\output\pjlib--win32-vc8-debug\sock_qos_common.sbr
c:\users\jetsly\downloads\pjproject-2.4\pjlib\build\output\pjlib--win32-vc8-debug\sock_qos_dummy.sbr
c:\users\jetsly\downloads\pjproject-2.4\pjlib\build\output\pjlib--win32-vc8-debug\sock_qos_wm.sbr
c:\users\jetsly\downloads\pjproject-2.4\pjlib\build\output\pjlib--win32-vc8-debug\sock_select.sbr
c:\users\jetsly\downloads\pjproject-2.4\pjlib\build\output\pjlib--win32-vc8-debug\ssl_sock_common.sbr
c:\users\jetsly\downloads\pjproject-2.4\pjlib\build\output\pjlib--win32-vc8-debug\ssl_sock_common.obj
c:\users\jetsly\downloads\pjproject-2.4\pjlib\build\output\pjlib--win32-vc8-debug\sock_select.obj
c:\users\jetsly\downloads\pjproject-2.4\pjlib\build\output\pjlib--win32-vc8-debug\sock_qos_wm.obj
c:\users\jetsly\downloads\pjproject-2.4\pjlib\build\output\pjlib--win32-vc8-debug\sock_qos_dummy.obj
c:\users\jetsly\downloads\pjproject-2.4\pjlib\build\output\pjlib--win32-vc8-debug\sock_qos_common.obj
c:\users\jetsly\downloads\pjproject-2.4\pjlib\build\output\pjlib--win32-vc8-debug\sock_qos_bsd.obj
c:\users\jetsly\downloads\pjproject-2.4\pjlib\build\output\pjlib--win32-vc8-debug\sock_common.obj
c:\users\jetsly\downloads\pjproject-2.4\pjlib\build\output\pjlib--win32-vc8-debug\sock_bsd.obj
c:\users\jetsly\downloads\pjproject-2.4\pjlib\build\output\pjlib--win32-vc8-debug\rbtree.obj
c:\users\jetsly\downloads\pjproject-2.4\pjlib\build\output\pjlib--win32-vc8-debug\rand.obj
c:\users\jetsly\downloads\pjproject-2.4\pjlib\build\output\pjlib--win32-vc8-debug\pool_policy_malloc.obj
c:\users\jetsly\downloads\pjproject-2.4\pjlib\build\output\pjlib--win32-vc8-debug\pool_dbg.obj
c:\users\jetsly\downloads\pjproject-2.4\pjlib\build\output\pjlib--win32-vc8-debug\pool_caching.obj
c:\users\jetsly\downloads\pjproject-2.4\pjlib\build\output\pjlib--win32-vc8-debug\pool_buf.obj
c:\users\jetsly\downloads\pjproject-2.4\pjlib\build\output\pjlib--win32-vc8-debug\pool.obj
c:\users\jetsly\downloads\pjproject-2.4\pjlib\build\output\pjlib--win32-vc8-debug\os_time_win32.obj
c:\users\jetsly\downloads\pjproject-2.4\pjlib\build\output\pjlib--win32-vc8-debug\os_timestamp_win32.obj
c:\users\jetsly\downloads\pjproject-2.4\pjlib\build\output\pjlib--win32-vc8-debug\os_timestamp_common.obj
c:\users\jetsly\downloads\pjproject-2.4\pjlib\build\output\pjlib--win32-vc8-debug\os_info.obj
c:\users\jetsly\downloads\pjproject-2.4\pjlib\build\output\pjlib--win32-vc8-debug\os_error_win32.obj
c:\users\jetsly\downloads\pjproject-2.4\pjlib\build\output\pjlib--win32-vc8-debug\ssl_sock_dump.sbr
c:\users\jetsly\downloads\pjproject-2.4\pjlib\build\output\pjlib--win32-vc8-debug\ssl_sock_ossl.sbr
c:\users\jetsly\downloads\pjproject-2.4\pjlib\build\output\pjlib--win32-vc8-debug\string.sbr
c:\users\jetsly\downloads\pjproject-2.4\pjlib\build\output\pjlib--win32-vc8-debug\timer.sbr
c:\users\jetsly\downloads\pjproject-2.4\pjlib\build\output\pjlib--win32-vc8-debug\types.sbr
c:\users\jetsly\downloads\pjproject-2.4\pjlib\build\output\pjlib--win32-vc8-debug\unicode_win32.sbr
c:\users\jetsly\downloads\pjproject-2.4\pjlib\build\output\pjlib--win32-vc8-debug\unicode_win32.obj
c:\users\jetsly\downloads\pjproject-2.4\pjlib\build\output\pjlib--win32-vc8-debug\types.obj
c:\users\jetsly\downloads\pjproject-2.4\pjlib\build\output\pjlib--win32-vc8-debug\timer.obj
c:\users\jetsly\downloads\pjproject-2.4\pjlib\build\output\pjlib--win32-vc8-debug\string.obj
c:\users\jetsly\downloads\pjproject-2.4\pjlib\build\output\pjlib--win32-vc8-debug\ssl_sock_ossl.obj
c:\users\jetsly\downloads\pjproject-2.4\pjlib\build\output\pjlib--win32-vc8-debug\ssl_sock_dump.obj
c:\users\jetsly\downloads\pjproject-2.4\pjlib\lib\pjlib-i386-win32-vc8-debug.lib
c:\users\jetsly\downloads\pjproject-2.4\pjlib\build\output\pjlib--win32-vc8-debug\pjlib.tlog\bscmake.command.1.tlog
c:\users\jetsly\downloads\pjproject-2.4\pjlib\build\output\pjlib--win32-vc8-debug\pjlib.tlog\bscmake.read.1.tlog
c:\users\jetsly\downloads\pjproject-2.4\pjlib\build\output\pjlib--win32-vc8-debug\pjlib.tlog\bscmake.write.1.tlog
c:\users\jetsly\downloads\pjproject-2.4\pjlib\build\output\pjlib--win32-vc8-debug\pjlib.tlog\cl.command.1.tlog
c:\users\jetsly\downloads\pjproject-2.4\pjlib\build\output\pjlib--win32-vc8-debug\pjlib.tlog\cl.read.1.tlog
c:\users\jetsly\downloads\pjproject-2.4\pjlib\build\output\pjlib--win32-vc8-debug\pjlib.tlog\cl.write.1.tlog
c:\users\jetsly\downloads\pjproject-2.4\pjlib\build\output\pjlib--win32-vc8-debug\pjlib.tlog\lib-link.read.1.tlog
c:\users\jetsly\downloads\pjproject-2.4\pjlib\build\output\pjlib--win32-vc8-debug\pjlib.tlog\lib-link.write.1.tlog
c:\users\jetsly\downloads\pjproject-2.4\pjlib\build\output\pjlib--win32-vc8-debug\pjlib.tlog\lib.command.1.tlog
