c:\users\jetsly\downloads\pjproject-2.4\pjsip\build\output\pjsip_ua--win32-vc8-debug\pjsip_ua.bsc
c:\users\jetsly\downloads\pjproject-2.4\pjsip\build\output\pjsip_ua--win32-vc8-debug\pjsip_ua.pdb
c:\users\jetsly\downloads\pjproject-2.4\pjsip\build\output\pjsip_ua--win32-vc8-debug\pjsip_ua.idb
c:\users\jetsly\downloads\pjproject-2.4\pjsip\build\output\pjsip_ua--win32-vc8-debug\sip_100rel.sbr
c:\users\jetsly\downloads\pjproject-2.4\pjsip\build\output\pjsip_ua--win32-vc8-debug\sip_inv.sbr
c:\users\jetsly\downloads\pjproject-2.4\pjsip\build\output\pjsip_ua--win32-vc8-debug\sip_reg.sbr
c:\users\jetsly\downloads\pjproject-2.4\pjsip\build\output\pjsip_ua--win32-vc8-debug\sip_replaces.sbr
c:\users\jetsly\downloads\pjproject-2.4\pjsip\build\output\pjsip_ua--win32-vc8-debug\sip_timer.sbr
c:\users\jetsly\downloads\pjproject-2.4\pjsip\build\output\pjsip_ua--win32-vc8-debug\sip_xfer.sbr
c:\users\jetsly\downloads\pjproject-2.4\pjsip\build\output\pjsip_ua--win32-vc8-debug\sip_xfer.obj
c:\users\jetsly\downloads\pjproject-2.4\pjsip\build\output\pjsip_ua--win32-vc8-debug\sip_timer.obj
c:\users\jetsly\downloads\pjproject-2.4\pjsip\build\output\pjsip_ua--win32-vc8-debug\sip_replaces.obj
c:\users\jetsly\downloads\pjproject-2.4\pjsip\build\output\pjsip_ua--win32-vc8-debug\sip_reg.obj
c:\users\jetsly\downloads\pjproject-2.4\pjsip\build\output\pjsip_ua--win32-vc8-debug\sip_inv.obj
c:\users\jetsly\downloads\pjproject-2.4\pjsip\build\output\pjsip_ua--win32-vc8-debug\sip_100rel.obj
c:\users\jetsly\downloads\pjproject-2.4\pjsip\lib\pjsip-ua-i386-win32-vc8-debug.lib
c:\users\jetsly\downloads\pjproject-2.4\pjsip\build\output\pjsip_ua--win32-vc8-debug\pjsip_ua.tlog\bscmake.command.1.tlog
c:\users\jetsly\downloads\pjproject-2.4\pjsip\build\output\pjsip_ua--win32-vc8-debug\pjsip_ua.tlog\bscmake.read.1.tlog
c:\users\jetsly\downloads\pjproject-2.4\pjsip\build\output\pjsip_ua--win32-vc8-debug\pjsip_ua.tlog\bscmake.write.1.tlog
c:\users\jetsly\downloads\pjproject-2.4\pjsip\build\output\pjsip_ua--win32-vc8-debug\pjsip_ua.tlog\cl.command.1.tlog
c:\users\jetsly\downloads\pjproject-2.4\pjsip\build\output\pjsip_ua--win32-vc8-debug\pjsip_ua.tlog\cl.read.1.tlog
c:\users\jetsly\downloads\pjproject-2.4\pjsip\build\output\pjsip_ua--win32-vc8-debug\pjsip_ua.tlog\cl.write.1.tlog
c:\users\jetsly\downloads\pjproject-2.4\pjsip\build\output\pjsip_ua--win32-vc8-debug\pjsip_ua.tlog\lib-link.read.1.tlog
c:\users\jetsly\downloads\pjproject-2.4\pjsip\build\output\pjsip_ua--win32-vc8-debug\pjsip_ua.tlog\lib-link.write.1.tlog
c:\users\jetsly\downloads\pjproject-2.4\pjsip\build\output\pjsip_ua--win32-vc8-debug\pjsip_ua.tlog\lib.command.1.tlog
