c:\users\jetsly\downloads\pjproject-2.4\pjlib-util\build\output\pjlib_util--win32-vc8-debug\pjlib_util.bsc
c:\users\jetsly\downloads\pjproject-2.4\pjlib-util\build\output\pjlib_util--win32-vc8-debug\pjlib_util.pdb
c:\users\jetsly\downloads\pjproject-2.4\pjlib-util\build\output\pjlib_util--win32-vc8-debug\pjlib_util.idb
c:\users\jetsly\downloads\pjproject-2.4\pjlib-util\build\output\pjlib_util--win32-vc8-debug\base64.sbr
c:\users\jetsly\downloads\pjproject-2.4\pjlib-util\build\output\pjlib_util--win32-vc8-debug\cli.sbr
c:\users\jetsly\downloads\pjproject-2.4\pjlib-util\build\output\pjlib_util--win32-vc8-debug\cli_console.sbr
c:\users\jetsly\downloads\pjproject-2.4\pjlib-util\build\output\pjlib_util--win32-vc8-debug\cli_telnet.sbr
c:\users\jetsly\downloads\pjproject-2.4\pjlib-util\build\output\pjlib_util--win32-vc8-debug\crc32.sbr
c:\users\jetsly\downloads\pjproject-2.4\pjlib-util\build\output\pjlib_util--win32-vc8-debug\dns.sbr
c:\users\jetsly\downloads\pjproject-2.4\pjlib-util\build\output\pjlib_util--win32-vc8-debug\dns_dump.sbr
c:\users\jetsly\downloads\pjproject-2.4\pjlib-util\build\output\pjlib_util--win32-vc8-debug\dns_server.sbr
c:\users\jetsly\downloads\pjproject-2.4\pjlib-util\build\output\pjlib_util--win32-vc8-debug\errno.sbr
c:\users\jetsly\downloads\pjproject-2.4\pjlib-util\build\output\pjlib_util--win32-vc8-debug\getopt.sbr
c:\users\jetsly\downloads\pjproject-2.4\pjlib-util\build\output\pjlib_util--win32-vc8-debug\hmac_md5.sbr
c:\users\jetsly\downloads\pjproject-2.4\pjlib-util\build\output\pjlib_util--win32-vc8-debug\hmac_sha1.sbr
c:\users\jetsly\downloads\pjproject-2.4\pjlib-util\build\output\pjlib_util--win32-vc8-debug\http_client.sbr
c:\users\jetsly\downloads\pjproject-2.4\pjlib-util\build\output\pjlib_util--win32-vc8-debug\json.sbr
c:\users\jetsly\downloads\pjproject-2.4\pjlib-util\build\output\pjlib_util--win32-vc8-debug\md5.sbr
c:\users\jetsly\downloads\pjproject-2.4\pjlib-util\build\output\pjlib_util--win32-vc8-debug\pcap.sbr
c:\users\jetsly\downloads\pjproject-2.4\pjlib-util\build\output\pjlib_util--win32-vc8-debug\resolver.sbr
c:\users\jetsly\downloads\pjproject-2.4\pjlib-util\build\output\pjlib_util--win32-vc8-debug\scanner.sbr
c:\users\jetsly\downloads\pjproject-2.4\pjlib-util\build\output\pjlib_util--win32-vc8-debug\sha1.sbr
c:\users\jetsly\downloads\pjproject-2.4\pjlib-util\build\output\pjlib_util--win32-vc8-debug\srv_resolver.sbr
c:\users\jetsly\downloads\pjproject-2.4\pjlib-util\build\output\pjlib_util--win32-vc8-debug\srv_resolver.obj
c:\users\jetsly\downloads\pjproject-2.4\pjlib-util\build\output\pjlib_util--win32-vc8-debug\sha1.obj
c:\users\jetsly\downloads\pjproject-2.4\pjlib-util\build\output\pjlib_util--win32-vc8-debug\scanner.obj
c:\users\jetsly\downloads\pjproject-2.4\pjlib-util\build\output\pjlib_util--win32-vc8-debug\resolver.obj
c:\users\jetsly\downloads\pjproject-2.4\pjlib-util\build\output\pjlib_util--win32-vc8-debug\pcap.obj
c:\users\jetsly\downloads\pjproject-2.4\pjlib-util\build\output\pjlib_util--win32-vc8-debug\md5.obj
c:\users\jetsly\downloads\pjproject-2.4\pjlib-util\build\output\pjlib_util--win32-vc8-debug\json.obj
c:\users\jetsly\downloads\pjproject-2.4\pjlib-util\build\output\pjlib_util--win32-vc8-debug\http_client.obj
c:\users\jetsly\downloads\pjproject-2.4\pjlib-util\build\output\pjlib_util--win32-vc8-debug\hmac_sha1.obj
c:\users\jetsly\downloads\pjproject-2.4\pjlib-util\build\output\pjlib_util--win32-vc8-debug\hmac_md5.obj
c:\users\jetsly\downloads\pjproject-2.4\pjlib-util\build\output\pjlib_util--win32-vc8-debug\getopt.obj
c:\users\jetsly\downloads\pjproject-2.4\pjlib-util\build\output\pjlib_util--win32-vc8-debug\errno.obj
c:\users\jetsly\downloads\pjproject-2.4\pjlib-util\build\output\pjlib_util--win32-vc8-debug\dns_server.obj
c:\users\jetsly\downloads\pjproject-2.4\pjlib-util\build\output\pjlib_util--win32-vc8-debug\dns_dump.obj
c:\users\jetsly\downloads\pjproject-2.4\pjlib-util\build\output\pjlib_util--win32-vc8-debug\dns.obj
c:\users\jetsly\downloads\pjproject-2.4\pjlib-util\build\output\pjlib_util--win32-vc8-debug\crc32.obj
c:\users\jetsly\downloads\pjproject-2.4\pjlib-util\build\output\pjlib_util--win32-vc8-debug\cli_telnet.obj
c:\users\jetsly\downloads\pjproject-2.4\pjlib-util\build\output\pjlib_util--win32-vc8-debug\cli_console.obj
c:\users\jetsly\downloads\pjproject-2.4\pjlib-util\build\output\pjlib_util--win32-vc8-debug\cli.obj
c:\users\jetsly\downloads\pjproject-2.4\pjlib-util\build\output\pjlib_util--win32-vc8-debug\base64.obj
c:\users\jetsly\downloads\pjproject-2.4\pjlib-util\build\output\pjlib_util--win32-vc8-debug\string.sbr
c:\users\jetsly\downloads\pjproject-2.4\pjlib-util\build\output\pjlib_util--win32-vc8-debug\stun_simple.sbr
c:\users\jetsly\downloads\pjproject-2.4\pjlib-util\build\output\pjlib_util--win32-vc8-debug\stun_simple_client.sbr
c:\users\jetsly\downloads\pjproject-2.4\pjlib-util\build\output\pjlib_util--win32-vc8-debug\symbols.sbr
c:\users\jetsly\downloads\pjproject-2.4\pjlib-util\build\output\pjlib_util--win32-vc8-debug\xml.sbr
c:\users\jetsly\downloads\pjproject-2.4\pjlib-util\build\output\pjlib_util--win32-vc8-debug\xml.obj
c:\users\jetsly\downloads\pjproject-2.4\pjlib-util\build\output\pjlib_util--win32-vc8-debug\symbols.obj
c:\users\jetsly\downloads\pjproject-2.4\pjlib-util\build\output\pjlib_util--win32-vc8-debug\stun_simple_client.obj
c:\users\jetsly\downloads\pjproject-2.4\pjlib-util\build\output\pjlib_util--win32-vc8-debug\stun_simple.obj
c:\users\jetsly\downloads\pjproject-2.4\pjlib-util\build\output\pjlib_util--win32-vc8-debug\string.obj
c:\users\jetsly\downloads\pjproject-2.4\pjlib-util\lib\pjlib-util-i386-win32-vc8-debug.lib
c:\users\jetsly\downloads\pjproject-2.4\pjlib-util\build\output\pjlib_util--win32-vc8-debug\pjlib_util.tlog\bscmake.command.1.tlog
c:\users\jetsly\downloads\pjproject-2.4\pjlib-util\build\output\pjlib_util--win32-vc8-debug\pjlib_util.tlog\bscmake.read.1.tlog
c:\users\jetsly\downloads\pjproject-2.4\pjlib-util\build\output\pjlib_util--win32-vc8-debug\pjlib_util.tlog\bscmake.write.1.tlog
c:\users\jetsly\downloads\pjproject-2.4\pjlib-util\build\output\pjlib_util--win32-vc8-debug\pjlib_util.tlog\cl.command.1.tlog
c:\users\jetsly\downloads\pjproject-2.4\pjlib-util\build\output\pjlib_util--win32-vc8-debug\pjlib_util.tlog\cl.read.1.tlog
c:\users\jetsly\downloads\pjproject-2.4\pjlib-util\build\output\pjlib_util--win32-vc8-debug\pjlib_util.tlog\cl.write.1.tlog
c:\users\jetsly\downloads\pjproject-2.4\pjlib-util\build\output\pjlib_util--win32-vc8-debug\pjlib_util.tlog\lib-link.read.1.tlog
c:\users\jetsly\downloads\pjproject-2.4\pjlib-util\build\output\pjlib_util--win32-vc8-debug\pjlib_util.tlog\lib-link.write.1.tlog
c:\users\jetsly\downloads\pjproject-2.4\pjlib-util\build\output\pjlib_util--win32-vc8-debug\pjlib_util.tlog\lib.command.1.tlog
