c:\users\jetsly\downloads\pjproject-2.4\pjnath\build\output\pjnath--win32-vc8-debug\pjnath.bsc
c:\users\jetsly\downloads\pjproject-2.4\pjnath\build\output\pjnath--win32-vc8-debug\pjnath.pdb
c:\users\jetsly\downloads\pjproject-2.4\pjnath\build\output\pjnath--win32-vc8-debug\pjnath.idb
c:\users\jetsly\downloads\pjproject-2.4\pjnath\build\output\pjnath--win32-vc8-debug\errno.sbr
c:\users\jetsly\downloads\pjproject-2.4\pjnath\build\output\pjnath--win32-vc8-debug\ice_session.sbr
c:\users\jetsly\downloads\pjproject-2.4\pjnath\build\output\pjnath--win32-vc8-debug\ice_strans.sbr
c:\users\jetsly\downloads\pjproject-2.4\pjnath\build\output\pjnath--win32-vc8-debug\nat_detect.sbr
c:\users\jetsly\downloads\pjproject-2.4\pjnath\build\output\pjnath--win32-vc8-debug\stun_auth.sbr
c:\users\jetsly\downloads\pjproject-2.4\pjnath\build\output\pjnath--win32-vc8-debug\stun_msg.sbr
c:\users\jetsly\downloads\pjproject-2.4\pjnath\build\output\pjnath--win32-vc8-debug\stun_msg_dump.sbr
c:\users\jetsly\downloads\pjproject-2.4\pjnath\build\output\pjnath--win32-vc8-debug\stun_session.sbr
c:\users\jetsly\downloads\pjproject-2.4\pjnath\build\output\pjnath--win32-vc8-debug\stun_sock.sbr
c:\users\jetsly\downloads\pjproject-2.4\pjnath\build\output\pjnath--win32-vc8-debug\stun_transaction.sbr
c:\users\jetsly\downloads\pjproject-2.4\pjnath\build\output\pjnath--win32-vc8-debug\turn_session.sbr
c:\users\jetsly\downloads\pjproject-2.4\pjnath\build\output\pjnath--win32-vc8-debug\turn_sock.sbr
c:\users\jetsly\downloads\pjproject-2.4\pjnath\build\output\pjnath--win32-vc8-debug\turn_sock.obj
c:\users\jetsly\downloads\pjproject-2.4\pjnath\build\output\pjnath--win32-vc8-debug\turn_session.obj
c:\users\jetsly\downloads\pjproject-2.4\pjnath\build\output\pjnath--win32-vc8-debug\stun_transaction.obj
c:\users\jetsly\downloads\pjproject-2.4\pjnath\build\output\pjnath--win32-vc8-debug\stun_sock.obj
c:\users\jetsly\downloads\pjproject-2.4\pjnath\build\output\pjnath--win32-vc8-debug\stun_session.obj
c:\users\jetsly\downloads\pjproject-2.4\pjnath\build\output\pjnath--win32-vc8-debug\stun_msg_dump.obj
c:\users\jetsly\downloads\pjproject-2.4\pjnath\build\output\pjnath--win32-vc8-debug\stun_msg.obj
c:\users\jetsly\downloads\pjproject-2.4\pjnath\build\output\pjnath--win32-vc8-debug\stun_auth.obj
c:\users\jetsly\downloads\pjproject-2.4\pjnath\build\output\pjnath--win32-vc8-debug\nat_detect.obj
c:\users\jetsly\downloads\pjproject-2.4\pjnath\build\output\pjnath--win32-vc8-debug\ice_strans.obj
c:\users\jetsly\downloads\pjproject-2.4\pjnath\build\output\pjnath--win32-vc8-debug\ice_session.obj
c:\users\jetsly\downloads\pjproject-2.4\pjnath\build\output\pjnath--win32-vc8-debug\errno.obj
c:\users\jetsly\downloads\pjproject-2.4\pjnath\lib\pjnath-i386-win32-vc8-debug.lib
c:\users\jetsly\downloads\pjproject-2.4\pjnath\build\output\pjnath--win32-vc8-debug\pjnath.tlog\bscmake.command.1.tlog
c:\users\jetsly\downloads\pjproject-2.4\pjnath\build\output\pjnath--win32-vc8-debug\pjnath.tlog\bscmake.read.1.tlog
c:\users\jetsly\downloads\pjproject-2.4\pjnath\build\output\pjnath--win32-vc8-debug\pjnath.tlog\bscmake.write.1.tlog
c:\users\jetsly\downloads\pjproject-2.4\pjnath\build\output\pjnath--win32-vc8-debug\pjnath.tlog\cl.command.1.tlog
c:\users\jetsly\downloads\pjproject-2.4\pjnath\build\output\pjnath--win32-vc8-debug\pjnath.tlog\cl.read.1.tlog
c:\users\jetsly\downloads\pjproject-2.4\pjnath\build\output\pjnath--win32-vc8-debug\pjnath.tlog\cl.write.1.tlog
c:\users\jetsly\downloads\pjproject-2.4\pjnath\build\output\pjnath--win32-vc8-debug\pjnath.tlog\lib-link.read.1.tlog
c:\users\jetsly\downloads\pjproject-2.4\pjnath\build\output\pjnath--win32-vc8-debug\pjnath.tlog\lib-link.write.1.tlog
c:\users\jetsly\downloads\pjproject-2.4\pjnath\build\output\pjnath--win32-vc8-debug\pjnath.tlog\lib.command.1.tlog
